{
  "RSpec": {
    "coverage": {
      "/home/campuscode/workspace/joaolima/desafiotwitter/app/helpers/application_helper.rb": [
        1,
        null
      ],
      "/home/campuscode/workspace/joaolima/desafiotwitter/app/models/tweet.rb": [
        1,
        null
      ],
      "/home/campuscode/workspace/joaolima/desafiotwitter/app/controllers/tweets_controller.rb": [
        1,
        1,
        null,
        null,
        1,
        null,
        null,
        null
      ],
      "/home/campuscode/workspace/joaolima/desafiotwitter/app/controllers/application_controller.rb": [
        1,
        null,
        null,
        1,
        null
      ]
    },
    "timestamp": 1454452162
  }
}
